Hawker foods: 37
Fetching OFF: yeos... 2 found
Fetching OFF: pokka singapore... 2 found
Fetching OFF: tiger beer singapore... 0 found
Fetching OFF: milo singapore... 0 found
Fetching OFF: prima taste singapore... 0 found
Fetching OFF: irvins singapore... 0 found
Fetching OFF: koka noodles singapore... 0 found
Fetching OFF: f&n singapore... 0 found
Fetching OFF: yakun singapore... 0 found
Fetching OFF: old chang kee... 0 found
Fetching OFF: bee cheng hiang... 0 found
Fetching OFF: killiney... 2 found
Fetching OFF: bengawan solo... 0 found
Fetching OFF: laksa paste singapore... 0 found
Fetching OFF: chicken rice paste... 0 found
Fetching OFF: sambal singapore... 0 found
Fetching OFF: kaya singapore... 0 found
Fetching OFF: hainanese chicken rice paste... 0 found
Fetching OFF: chilli crab paste... 0 found
Fetching OFF: bak kut teh spice... 0 found

Total: 43 foods (37 hawker + 6 packaged)
